<?xml version="1.0" encoding="UTF-8"?>
<!-- Generated by org.testng.reporters.JUnitReportReporter -->
<testsuite hostname="Hariesh" failures="0" tests="1" name="com.Pageobjects.automation.Loginpage" time="27.538" errors="0" timestamp="18 Jul 2021 10:11:08 GMT">
  <testcase classname="com.Pageobjects.automation.Loginpage" name="loginpage" time="27.538"/>
</testsuite> <!-- com.Pageobjects.automation.Loginpage -->
