<?xml version="1.0" encoding="UTF-8"?>
<!-- Generated by org.testng.reporters.JUnitReportReporter -->
<testsuite hostname="Hariesh" failures="0" tests="1" name="Newtestcases.DD" time="7.198" errors="0" timestamp="18 Jul 2021 16:04:37 GMT">
  <testcase classname="Newtestcases.DD" name="team" time="7.198"/>
</testsuite> <!-- Newtestcases.DD -->
