<?xml version="1.0" encoding="UTF-8"?>
<!-- Generated by org.testng.reporters.JUnitReportReporter -->
<testsuite hostname="Hariesh" failures="0" tests="1" name="Newtestcases.Tabhandle" time="16.057" errors="0" timestamp="21 Jul 2021 15:19:45 GMT">
  <testcase classname="Newtestcases.Tabhandle" name="tab" time="16.057"/>
</testsuite> <!-- Newtestcases.Tabhandle -->
