<?xml version="1.0" encoding="UTF-8"?>
<!-- Generated by org.testng.reporters.JUnitReportReporter -->
<testsuite hostname="Hariesh" failures="0" tests="1" name="Newtestcases.Opennewtabwindowhandle" time="12.369" errors="0" timestamp="21 Jul 2021 14:22:49 GMT">
  <testcase classname="Newtestcases.Opennewtabwindowhandle" name="windows" time="12.369"/>
</testsuite> <!-- Newtestcases.Opennewtabwindowhandle -->
